0 info it worked if it ends with ok
1 verbose cli [ 'node',
1 verbose cli   '/usr/local/bin/npm',
1 verbose cli   'install',
1 verbose cli   '-g',
1 verbose cli   'fis-postprocessor-toGbked' ]
2 info using npm@2.5.1
3 info using node@v0.12.0
4 silly cache add args [ 'fis-postprocessor-toGbked', null ]
5 verbose cache add spec fis-postprocessor-toGbked
6 silly cache add parsed spec { raw: 'fis-postprocessor-toGbked',
6 silly cache add   scope: null,
6 silly cache add   name: 'fis-postprocessor-toGbked',
6 silly cache add   rawSpec: '',
6 silly cache add   spec: '*',
6 silly cache add   type: 'range' }
7 verbose addNamed fis-postprocessor-toGbked@*
8 silly addNamed semver.valid null
9 silly addNamed semver.validRange *
10 silly addNameRange { name: 'fis-postprocessor-toGbked', range: '*', hasData: false }
11 silly mapToRegistry name fis-postprocessor-toGbked
12 silly mapToRegistry using default registry
13 silly mapToRegistry registry https://registry.npmjs.org/
14 silly mapToRegistry uri https://registry.npmjs.org/fis-postprocessor-toGbked
15 verbose addNameRange registry:https://registry.npmjs.org/fis-postprocessor-toGbked not in flight; fetching
16 verbose request uri https://registry.npmjs.org/fis-postprocessor-toGbked
17 verbose request no auth needed
18 info attempt registry request try #1 at 16:13:18
19 verbose request using bearer token for auth
20 verbose request id f6647a5b766aa692
21 http request GET https://registry.npmjs.org/fis-postprocessor-toGbked
22 http 404 https://registry.npmjs.org/fis-postprocessor-toGbked
23 verbose headers { server: 'CouchDB/1.5.0 (Erlang OTP/R16B03)',
23 verbose headers   'content-type': 'application/json',
23 verbose headers   'cache-control': 'max-age=0',
23 verbose headers   'content-length': '51',
23 verbose headers   'accept-ranges': 'bytes',
23 verbose headers   date: 'Sat, 09 May 2015 08:13:19 GMT',
23 verbose headers   via: '1.1 varnish',
23 verbose headers   connection: 'keep-alive',
23 verbose headers   'x-served-by': 'cache-nrt6124-NRT',
23 verbose headers   'x-cache': 'MISS',
23 verbose headers   'x-cache-hits': '0',
23 verbose headers   'x-timer': 'S1431159199.188501,VS0,VE189' }
24 silly get cb [ 404,
24 silly get   { server: 'CouchDB/1.5.0 (Erlang OTP/R16B03)',
24 silly get     'content-type': 'application/json',
24 silly get     'cache-control': 'max-age=0',
24 silly get     'content-length': '51',
24 silly get     'accept-ranges': 'bytes',
24 silly get     date: 'Sat, 09 May 2015 08:13:19 GMT',
24 silly get     via: '1.1 varnish',
24 silly get     connection: 'keep-alive',
24 silly get     'x-served-by': 'cache-nrt6124-NRT',
24 silly get     'x-cache': 'MISS',
24 silly get     'x-cache-hits': '0',
24 silly get     'x-timer': 'S1431159199.188501,VS0,VE189' } ]
25 verbose stack Error: 404 Not Found: fis-postprocessor-toGbked
25 verbose stack     at CachingRegistryClient.<anonymous> (/usr/local/lib/node_modules/npm/node_modules/npm-registry-client/lib/request.js:251:14)
25 verbose stack     at Request._callback (/usr/local/lib/node_modules/npm/node_modules/npm-registry-client/lib/request.js:178:14)
25 verbose stack     at Request.self.callback (/usr/local/lib/node_modules/npm/node_modules/request/request.js:344:22)
25 verbose stack     at Request.emit (events.js:110:17)
25 verbose stack     at Request.<anonymous> (/usr/local/lib/node_modules/npm/node_modules/request/request.js:1239:14)
25 verbose stack     at Request.emit (events.js:129:20)
25 verbose stack     at IncomingMessage.<anonymous> (/usr/local/lib/node_modules/npm/node_modules/request/request.js:1187:12)
25 verbose stack     at IncomingMessage.emit (events.js:129:20)
25 verbose stack     at _stream_readable.js:908:16
25 verbose stack     at process._tickCallback (node.js:355:11)
26 verbose statusCode 404
27 verbose pkgid fis-postprocessor-toGbked
28 verbose cwd /Users/cenjinchao/pc/plantform/resource/fis-postprocessor-toGbked
29 error Darwin 14.3.0
30 error argv "node" "/usr/local/bin/npm" "install" "-g" "fis-postprocessor-toGbked"
31 error node v0.12.0
32 error npm  v2.5.1
33 error code E404
34 error 404 Not Found: fis-postprocessor-toGbked
34 error 404
34 error 404 'fis-postprocessor-toGbked' is not in the npm registry.
34 error 404 You should bug the author to publish it (or use the name yourself!)
34 error 404
34 error 404 Note that you can also install from a
34 error 404 tarball, folder, http url, or git url.
35 verbose exit [ 1, true ]
